<?xml version="1.0" encoding="UTF-8"?>
<testsuite xmlns:xsi="http://www.w3.org/2001/XMLSchema-instance" xsi:noNamespaceSchemaLocation="https://maven.apache.org/surefire/maven-surefire-plugin/xsd/surefire-test-report.xsd" version="3.0.2" name="com.main.restcalculator.RestCalculatorServiceTest" time="0.367" tests="8" errors="0" skipped="0" failures="0">
  <properties>
[...]
</properties>
  <testcase name="testAdditionOperation_listOfPositiveNumbers" classname="com.main.restcalculator.RestCalculatorServiceTest" time="0.005">
    <system-out><![CDATA[2025-06-16T18:42:01.401+02:00  INFO 14416 --- [rest-calculator] [           main] t.c.s.AnnotationConfigContextLoaderUtils : Could not detect default configuration classes for test class [com.main.restcalculator.RestCalculatorServiceTest]: RestCalculatorServiceTest does not declare any static, non-private, non-final, nested classes annotated with @Configuration.
2025-06-16T18:42:01.414+02:00  INFO 14416 --- [rest-calculator] [           main] .b.t.c.SpringBootTestContextBootstrapper : Found @SpringBootConfiguration com.main.restcalculator.RestCalculatorApplication for test class com.main.restcalculator.RestCalculatorServiceTest

  .   ____          _            __ _ _
 /\\ / ___'_ __ _ _(_)_ __  __ _ \ \ \ \
( ( )\___ | '_ | '_| | '_ \/ _` | \ \ \ \
 \\/  ___)| |_)| | | | | || (_| |  ) ) ) )
  '  |____| .__|_| |_|_| |_\__, | / / / /
 =========|_|==============|___/=/_/_/_/

 :: Spring Boot ::                (v3.5.0)

2025-06-16T18:42:01.467+02:00  INFO 14416 --- [rest-calculator] [           main] c.m.r.RestCalculatorServiceTest          : Starting RestCalculatorServiceTest using Java 21.0.7 with PID 14416 (started by Mustafa in C:\Users\Mustafa\Documents\rest-calculator)
2025-06-16T18:42:01.467+02:00  INFO 14416 --- [rest-calculator] [           main] c.m.r.RestCalculatorServiceTest          : No active profile set, falling back to 1 default profile: "default"
2025-06-16T18:42:01.726+02:00  INFO 14416 --- [rest-calculator] [           main] c.m.r.RestCalculatorServiceTest          : Started RestCalculatorServiceTest in 0.3 seconds (process running for 4.38)
]]></system-out>
  </testcase>
  <testcase name="testAdditionOperation_listOfNegativeNumbers" classname="com.main.restcalculator.RestCalculatorServiceTest" time="0.004"/>
  <testcase name="testAdditionOperation_invalidNumber" classname="com.main.restcalculator.RestCalculatorServiceTest" time="0.004"/>
  <testcase name="testAdditionOperation_singleItem" classname="com.main.restcalculator.RestCalculatorServiceTest" time="0.003"/>
  <testcase name="testAdditionOperation_listOfNumbers" classname="com.main.restcalculator.RestCalculatorServiceTest" time="0.004"/>
  <testcase name="testAdditionOperation_emptyRequest" classname="com.main.restcalculator.RestCalculatorServiceTest" time="0.003"/>
  <testcase name="testAdditionOperation_singleNegativeItem" classname="com.main.restcalculator.RestCalculatorServiceTest" time="0.003"/>
  <testcase name="testAdditionOperation_doubleNumbers" classname="com.main.restcalculator.RestCalculatorServiceTest" time="0.002"/>
</testsuite>